#
# There is insufficient memory for the Java Runtime Environment to continue.
# Native memory allocation (mmap) failed to map 266338304 bytes for Failed to commit area from 0x0000000703800000 to 0x0000000713600000 of length 266338304.
# Possible reasons:
#   The system is out of physical RAM or swap space
#   The process is running with CompressedOops enabled, and the Java Heap may be blocking the growth of the native heap
# Possible solutions:
#   Reduce memory load on the system
#   Increase physical memory or swap space
#   Check if swap backing store is full
#   Decrease Java heap size (-Xmx/-Xms)
#   Decrease number of Java threads
#   Decrease Java thread stack sizes (-Xss)
#   Set larger code cache with -XX:ReservedCodeCacheSize=
# This output file may be truncated or incomplete.
#
#  Out of Memory Error (t:/workspace/open/src/hotspot/os/windows/os_windows.cpp:3301), pid=32612, tid=30468
#
# JRE version:  (13.0.2+8) (build )
# Java VM: Java HotSpot(TM) 64-Bit Server VM (13.0.2+8, mixed mode, aot, sharing, tiered, compressed oops, g1 gc, windows-amd64)
# No core dump will be written. Minidumps are not enabled by default on client versions of Windows
#

---------------  S U M M A R Y ------------

Command Line: -Dfile.encoding=Cp1252 rcm.Application

Host: Intel(R) Core(TM) i7-8565U CPU @ 1.80GHz, 8 cores, 15G,  Windows 10 , 64 bit Build 17763 (10.0.17763.475)
Time: Sun Apr 26 19:39:44 2020 Romance Summer Time elapsed time: 0 seconds (0d 0h 0m 0s)

---------------  T H R E A D  ---------------

Current thread (0x000001a80a566000):  JavaThread "Unknown thread" [_thread_in_vm, id=30468, stack(0x00000073aa200000,0x00000073aa300000)]

Stack: [0x00000073aa200000,0x00000073aa300000]
Native frames: (J=compiled Java code, j=interpreted, Vv=VM code, C=native code)
V  [jvm.dll+0x624f9a]
V  [jvm.dll+0x770cfa]
V  [jvm.dll+0x7724af]
V  [jvm.dll+0x772ab3]
V  [jvm.dll+0x24bf08]
V  [jvm.dll+0x6222aa]
V  [jvm.dll+0x6170b5]
V  [jvm.dll+0x30a88c]
V  [jvm.dll+0x30a6c2]
V  [jvm.dll+0x30fe36]
V  [jvm.dll+0x353f46]
V  [jvm.dll+0x353720]
V  [jvm.dll+0x2e550a]
V  [jvm.dll+0x2e67a2]
V  [jvm.dll+0x74dd78]
V  [jvm.dll+0x361989]
V  [jvm.dll+0x730e65]
V  [jvm.dll+0x3cc53f]
V  [jvm.dll+0x3ce861]
C  [jli.dll+0x51ff]
C  [ucrtbase.dll+0x21ffa]
C  [KERNEL32.DLL+0x17974]
C  [ntdll.dll+0x6a261]


---------------  P R O C E S S  ---------------

Threads class SMR info:
_java_thread_list=0x00007fffee99ccb8, length=0, elements={
}

Java Threads: ( => current thread )

Other Threads:
  0x000001a80a5cd800 GCTaskThread "GC Thread#0" [stack: 0x00000073aa300000,0x00000073aa400000] [id=30888]
  0x000001a80a5f0800 ConcurrentGCThread "G1 Main Marker" [stack: 0x00000073aa400000,0x00000073aa500000] [id=20148]
  0x000001a80a5f2800 ConcurrentGCThread "G1 Conc#0" [stack: 0x00000073aa500000,0x00000073aa600000] [id=31856]

[error occurred during error reporting (printing all threads), id 0xc0000005, EXCEPTION_ACCESS_VIOLATION (0xc0000005) at pc=0x00007fffee1d51d7]

VM state:not at safepoint (not fully initialized)

VM Mutex/Monitor currently owned by a thread:  ([mutex/lock_event])
[0x000001a80a561bf0] Heap_lock - owner thread: 0x000001a80a566000

Heap address: 0x0000000703800000, size: 4040 MB, Compressed Oops mode: Non-zero based: 0x0000000703800000
Narrow klass base: 0x0000000000000000, Narrow klass shift: 0

GC Heap History (0 events):
No events

Deoptimization events (0 events):
No events

Classes unloaded (0 events):
No events

Classes redefined (0 events):
No events

Internal exceptions (0 events):
No events

Events (8 events):
Event: 0.016 Loaded shared library C:\Program Files\Java\jdk-13.0.2\bin\zip.dll
Event: 0.017 Loaded shared library C:\Program Files\Java\jdk-13.0.2\bin\jimage.dll
Event: 0.019 Loading shared library C:\Program Files\Java\jdk-13.0.2\lib\libjava.base-coop.dll failed, error code 126
Event: 0.019 Loading shared library C:\Program Files\Java\jdk-13.0.2\lib\libjava.logging-coop.dll failed, error code 126
Event: 0.020 Loading shared library C:\Program Files\Java\jdk-13.0.2\lib\libjdk.compiler-coop.dll failed, error code 126
Event: 0.020 Loading shared library C:\Program Files\Java\jdk-13.0.2\lib\libjdk.scripting.nashorn-coop.dll failed, error code 126
Event: 0.020 Loading shared library C:\Program Files\Java\jdk-13.0.2\lib\libjdk.internal.vm.ci-coop.dll failed, error code 126
Event: 0.020 Loading shared library C:\Program Files\Java\jdk-13.0.2\lib\libjdk.internal.vm.compiler-coop.dll failed, error code 126


Dynamic libraries:
0x00007ff624740000 - 0x00007ff62474f000 	C:\Program Files\Java\jdk-13.0.2\bin\javaw.exe
0x00007ff8676b0000 - 0x00007ff86789d000 	C:\windows\SYSTEM32\ntdll.dll
0x00007ff867420000 - 0x00007ff8674d3000 	C:\windows\System32\KERNEL32.DLL
0x00007ff867180000 - 0x00007ff867413000 	C:\windows\System32\KERNELBASE.dll
0x00007ff863810000 - 0x00007ff86390a000 	C:\windows\System32\ucrtbase.dll
0x00007ff84db20000 - 0x00007ff84db38000 	C:\Program Files\Java\jdk-13.0.2\bin\jli.dll
0x00007ff84db00000 - 0x00007ff84db15000 	C:\Program Files\Java\jdk-13.0.2\bin\VCRUNTIME140.dll
0x00007ff8647c0000 - 0x00007ff864863000 	C:\windows\System32\ADVAPI32.dll
0x00007ff864d80000 - 0x00007ff864e1e000 	C:\windows\System32\msvcrt.dll
0x00007ff864f00000 - 0x00007ff864f9e000 	C:\windows\System32\sechost.dll
0x00007ff867050000 - 0x00007ff867172000 	C:\windows\System32\RPCRT4.dll
0x00007ff8674e0000 - 0x00007ff867677000 	C:\windows\System32\USER32.dll
0x00007ff84b260000 - 0x00007ff84b4d9000 	C:\windows\WinSxS\amd64_microsoft.windows.common-controls_6595b64144ccf1df_6.0.17763.1098_none_de762ed45346ee8a\COMCTL32.dll
0x00007ff864410000 - 0x00007ff864430000 	C:\windows\System32\win32u.dll
0x00007ff864a50000 - 0x00007ff864d7c000 	C:\windows\System32\combase.dll
0x00007ff865330000 - 0x00007ff865359000 	C:\windows\System32\GDI32.dll
0x00007ff864060000 - 0x00007ff8640de000 	C:\windows\System32\bcryptPrimitives.dll
0x00007ff864450000 - 0x00007ff8645e9000 	C:\windows\System32\gdi32full.dll
0x00007ff864190000 - 0x00007ff864230000 	C:\windows\System32\msvcp_win.dll
0x00007ff85c430000 - 0x00007ff85c43a000 	C:\windows\SYSTEM32\VERSION.dll
0x00007ff864e20000 - 0x00007ff864e4e000 	C:\windows\System32\IMM32.DLL
0x00007ff83cc50000 - 0x00007ff83cceb000 	C:\Program Files\Java\jdk-13.0.2\bin\msvcp140.dll
0x00007fffedee0000 - 0x00007fffeea3d000 	C:\Program Files\Java\jdk-13.0.2\bin\server\jvm.dll
0x00007ff864fb0000 - 0x00007ff864fb8000 	C:\windows\System32\PSAPI.DLL
0x00007ff861570000 - 0x00007ff861594000 	C:\windows\SYSTEM32\WINMM.dll
0x00007ff84b530000 - 0x00007ff84b539000 	C:\windows\SYSTEM32\WSOCK32.dll
0x00007ff866f40000 - 0x00007ff866fad000 	C:\windows\System32\WS2_32.dll
0x00007ff861540000 - 0x00007ff86156d000 	C:\windows\SYSTEM32\WINMMBASE.dll
0x00007ff8640e0000 - 0x00007ff86412a000 	C:\windows\System32\cfgmgr32.dll
0x00007ff863660000 - 0x00007ff863671000 	C:\windows\System32\kernel.appcore.dll
0x00007ff85fda0000 - 0x00007ff85fdb0000 	C:\Program Files\Java\jdk-13.0.2\bin\verify.dll
0x00007ff855a30000 - 0x00007ff855c1d000 	C:\windows\SYSTEM32\DBGHELP.DLL
0x00007ff8511d0000 - 0x00007ff8511fa000 	C:\windows\SYSTEM32\dbgcore.DLL
0x00007ff83c9d0000 - 0x00007ff83c9f6000 	C:\Program Files\Java\jdk-13.0.2\bin\java.dll
0x00007ff83c9b0000 - 0x00007ff83c9c7000 	C:\Program Files\Java\jdk-13.0.2\bin\zip.dll
0x00007ff85c690000 - 0x00007ff85c69a000 	C:\Program Files\Java\jdk-13.0.2\bin\jimage.dll

dbghelp: loaded successfully - version: 4.0.5 - missing functions: none
symbol engine: initialized successfully - sym options: 0x614 - pdb path: .;C:\Program Files\Java\jdk-13.0.2\bin;C:\windows\SYSTEM32;C:\windows\WinSxS\amd64_microsoft.windows.common-controls_6595b64144ccf1df_6.0.17763.1098_none_de762ed45346ee8a;C:\Program Files\Java\jdk-13.0.2\bin\server

VM Arguments:
jvm_args: -Dfile.encoding=Cp1252 
java_command: rcm.Application
java_class_path (initial): C:\Users\atb\git\agile_project\target\classes;C:\Users\atb\.m2\repository\io\cucumber\cucumber-java\5.4.1\cucumber-java-5.4.1.jar;C:\Users\atb\.m2\repository\io\cucumber\cucumber-core\5.4.1\cucumber-core-5.4.1.jar;C:\Users\atb\.m2\repository\io\cucumber\cucumber-gherkin\5.4.1\cucumber-gherkin-5.4.1.jar;C:\Users\atb\.m2\repository\io\cucumber\cucumber-gherkin-vintage\5.4.1\cucumber-gherkin-vintage-5.4.1.jar;C:\Users\atb\.m2\repository\io\cucumber\tag-expressions\2.0.4\tag-expressions-2.0.4.jar;C:\Users\atb\.m2\repository\io\cucumber\cucumber-expressions\8.3.1\cucumber-expressions-8.3.1.jar;C:\Users\atb\.m2\repository\io\cucumber\datatable\3.3.0\datatable-3.3.0.jar;C:\Users\atb\.m2\repository\io\cucumber\cucumber-plugin\5.4.1\cucumber-plugin-5.4.1.jar;C:\Users\atb\.m2\repository\io\cucumber\docstring\5.4.1\docstring-5.4.1.jar;C:\Users\atb\.m2\repository\org\apiguardian\apiguardian-api\1.1.0\apiguardian-api-1.1.0.jar;C:\Users\atb\.m2\repository\io\cucumber\cucumber-junit\5.4.1\cucumber-junit-5.4.1.jar;C:\Users\atb\.m2\repository\junit\junit\4.13\junit-4.13.jar;C:\Users\atb\.m2\repository\org\hamcrest\hamcrest-core\1.3\hamcrest-core-1.3.jar;C:\Users\atb\.m2\repository\io\cucumber\cucumber-picocontainer\5.4.1\cucumber-picocontainer-5.4.1.jar;C:\Users\atb\.m2\repository\org\picocontainer\picocontainer\2.15\picocontainer-2.15.jar;C:\Users\atb\.m2\repository\com\github\gwenn\sqlite-dialect\master\sqlite-dialect-master.jar;C:\Users\atb\.m2\repository\org\hibernate\hibernate-core\5.1.0.Final\hibernate-core-5.1.0.Final.jar;C:\Users\atb\.m2\repository\org\jboss\logging\jboss-logging\3.3.0.Final\jboss-logging-3.3.0.Final.jar;C:\Users\atb\.m2\repository\org\hibernate\javax\persistence\hibernate-jpa-2.1-api\1.0.0.Final\hibernate-jpa-2.1-api-1.0.0.Final.jar;C:\Users\atb\.m2\repository\org\javassist\javassist\3.20.0-GA\javassist-3.20.0-GA.jar;C:\Users\atb\.m2\repository\antlr\antlr\2.7.7\antlr-2.7.7.jar;C:\Users\atb\.m2\repository\org\apache\geronimo\spe
Launcher Type: SUN_STANDARD

[Global flags]
     intx CICompilerCount                          = 4                                         {product} {ergonomic}
     uint ConcGCThreads                            = 2                                         {product} {ergonomic}
     uint G1ConcRefinementThreads                  = 8                                         {product} {ergonomic}
   size_t G1HeapRegionSize                         = 1048576                                   {product} {ergonomic}
    uintx GCDrainStackTargetSize                   = 64                                        {product} {ergonomic}
   size_t InitialHeapSize                          = 266338304                                 {product} {ergonomic}
   size_t MarkStackSize                            = 4194304                                   {product} {ergonomic}
   size_t MaxHeapSize                              = 4236247040                                {product} {ergonomic}
   size_t MinHeapDeltaBytes                        = 1048576                                   {product} {ergonomic}
   size_t MinHeapSize                              = 8388608                                   {product} {ergonomic}
    uintx NonNMethodCodeHeapSize                   = 5839372                                {pd product} {ergonomic}
    uintx NonProfiledCodeHeapSize                  = 122909434                              {pd product} {ergonomic}
    uintx ProfiledCodeHeapSize                     = 122909434                              {pd product} {ergonomic}
    uintx ReservedCodeCacheSize                    = 251658240                              {pd product} {ergonomic}
     bool SegmentedCodeCache                       = true                                      {product} {ergonomic}
   size_t SoftMaxHeapSize                          = 4236247040                             {manageable} {ergonomic}
     bool UseCompressedClassPointers               = true                                 {lp64_product} {ergonomic}
     bool UseCompressedOops                        = true                                 {lp64_product} {ergonomic}
     bool UseG1GC                                  = true                                      {product} {ergonomic}
     bool UseLargePagesIndividualAllocation        = false                                  {pd product} {ergonomic}

Logging:
Log output configuration:
 #0: stdout all=warning uptime,level,tags
 #1: stderr all=off uptime,level,tags

Environment Variables:
PATH=C:/Program Files/Java/jdk-13.0.2/bin/server;C:/Program Files/Java/jdk-13.0.2/bin;C:\windows\system32;C:\windows;C:\windows\System32\Wbem;C:\windows\System32\WindowsPowerShell\v1.0\;C:\windows\System32\OpenSSH\;C:\Program Files\Intel\WiFi\bin\;C:\Program Files\Common Files\Intel\WirelessCommon\;C:\Program Files\MATLAB\R2019a\bin;C:\Program Files\PuTTY\;C:\Program Files\dotnet\;C:\Program Files\Java\jdk-13.0.2\bin;C:\ProgramData\chocolatey\bin;C:\Program Files\Java\jdk-13.0.2\bin;C:\Users\atb\AppData\Local\Microsoft\WindowsApps;C:\Users\atb\AppData\Local\atom\bin;C:\Program Files (x86)\Microsoft Visual Studio\2019\Community\Common7\IDE\CommonExtensions\Microsoft\FSharp;;C:\Users\atb\AppData\Local\Programs\Microsoft VS Code\bin;C:\Users\atb\.dotnet\tools;C:\Users\atb\Downloads\eclipse;
USERNAME=ATB
OS=Windows_NT
PROCESSOR_IDENTIFIER=Intel64 Family 6 Model 142 Stepping 11, GenuineIntel



---------------  S Y S T E M  ---------------

OS: Windows 10 , 64 bit Build 17763 (10.0.17763.475)

CPU:total 8 (initial active 8) (4 cores per cpu, 2 threads per core) family 6 model 142 stepping 11, cmov, cx8, fxsr, mmx, sse, sse2, sse3, ssse3, sse4.1, sse4.2, popcnt, avx, avx2, aes, clmul, erms, 3dnowpref, lzcnt, ht, tsc, tscinvbit, bmi1, bmi2, adx, fma

Memory: 4k page, system-wide physical 16159M (3031M free)
TotalPageFile size 65218M (AvailPageFile size 134M)
current process WorkingSet (physical memory assigned to process): 10M, peak: 10M
current process commit charge ("private bytes"): 61M, peak: 315M

vm_info: Java HotSpot(TM) 64-Bit Server VM (13.0.2+8) for windows-amd64 JRE (13.0.2+8), built on Dec 11 2019 09:20:33 by "mach5one" with unknown MS VC++:1916

END.
